  [1m[35m (0.6ms)[0m  [1m[34mSELECT "schema_migrations"."version" FROM "schema_migrations" ORDER BY "schema_migrations"."version" ASC[0m
  ↳ bin/rails:9
  [1m[35m (56.4ms)[0m  [1m[34mSELECT "ar_internal_metadata"."value" FROM "ar_internal_metadata" WHERE "ar_internal_metadata"."key" = $1[0m  [["key", "environment"]]
  ↳ bin/rails:9
  [1m[35m (1.0ms)[0m  [1m[34mSELECT "schema_migrations"."version" FROM "schema_migrations" ORDER BY "schema_migrations"."version" ASC[0m
  ↳ bin/rails:9
  [1m[35m (0.8ms)[0m  [1m[34mSELECT "ar_internal_metadata"."value" FROM "ar_internal_metadata" WHERE "ar_internal_metadata"."key" = $1[0m  [["key", "environment"]]
  ↳ bin/rails:9
  [1m[35m (0.9ms)[0m  [1m[34mSELECT "schema_migrations"."version" FROM "schema_migrations" ORDER BY "schema_migrations"."version" ASC[0m
  ↳ bin/rails:9
  [1m[35m (0.9ms)[0m  [1m[34mSELECT "ar_internal_metadata"."value" FROM "ar_internal_metadata" WHERE "ar_internal_metadata"."key" = $1[0m  [["key", "environment"]]
  ↳ bin/rails:9
  [1m[35m (331.8ms)[0m  [1m[35mDROP DATABASE IF EXISTS "planning_poker_development"[0m
  ↳ bin/rails:9
  [1m[35m (260.0ms)[0m  [1m[35mDROP DATABASE IF EXISTS "planning_poker_test"[0m
  ↳ bin/rails:9
  [1m[35m (1051.8ms)[0m  [1m[35mCREATE DATABASE "planning_poker_development" ENCODING = 'unicode'[0m
  ↳ bin/rails:9
  [1m[35m (515.7ms)[0m  [1m[35mCREATE DATABASE "planning_poker_test" ENCODING = 'unicode'[0m
  ↳ bin/rails:9
  [1m[35m (43.6ms)[0m  [1m[35mCREATE TABLE "schema_migrations" ("version" character varying NOT NULL PRIMARY KEY)[0m
  ↳ bin/rails:9
  [1m[35m (10.4ms)[0m  [1m[35mCREATE TABLE "ar_internal_metadata" ("key" character varying NOT NULL PRIMARY KEY, "value" character varying, "created_at" timestamp NOT NULL, "updated_at" timestamp NOT NULL)[0m
  ↳ bin/rails:9
  [1m[35m (0.4ms)[0m  [1m[34mSELECT pg_try_advisory_lock(4296706968443515710)[0m
  ↳ bin/rails:9
  [1m[35m (1.1ms)[0m  [1m[34mSELECT "schema_migrations"."version" FROM "schema_migrations" ORDER BY "schema_migrations"."version" ASC[0m
  ↳ bin/rails:9
Migrating to CreateTeams (20190914143849)
  [1m[35m (0.5ms)[0m  [1m[35mBEGIN[0m
  ↳ bin/rails:9
  [1m[35m (16.8ms)[0m  [1m[35mCREATE TABLE "teams" ("id" bigserial primary key, "team_name" character varying DEFAULT '' NOT NULL, "members_amount" integer DEFAULT 0 NOT NULL, "created_at" timestamp NOT NULL, "updated_at" timestamp NOT NULL)[0m
  ↳ db/migrate/20190914143849_create_teams.rb:3
  [1m[36mActiveRecord::SchemaMigration Create (1.6ms)[0m  [1m[32mINSERT INTO "schema_migrations" ("version") VALUES ($1) RETURNING "version"[0m  [["version", "20190914143849"]]
  ↳ bin/rails:9
  [1m[35m (2.8ms)[0m  [1m[35mCOMMIT[0m
  ↳ bin/rails:9
Migrating to CreateTickets (20190914165411)
  [1m[35m (0.5ms)[0m  [1m[35mBEGIN[0m
  ↳ bin/rails:9
  [1m[35m (12.0ms)[0m  [1m[35mCREATE TABLE "tickets" ("id" bigserial primary key, "team_id" bigint NOT NULL, "ticket_name" character varying DEFAULT '' NOT NULL, "ticket_description" text DEFAULT '' NOT NULL, "average_vote" decimal(3,2) DEFAULT 1.0 NOT NULL, "created_at" timestamp NOT NULL, "updated_at" timestamp NOT NULL, CONSTRAINT "fk_rails_043f0bb452"
FOREIGN KEY ("team_id")
  REFERENCES "teams" ("id")
)[0m
  ↳ db/migrate/20190914165411_create_tickets.rb:3
  [1m[35m (4.1ms)[0m  [1m[35mCREATE  INDEX  "index_tickets_on_team_id" ON "tickets"  ("team_id")[0m
  ↳ db/migrate/20190914165411_create_tickets.rb:3
  [1m[36mActiveRecord::SchemaMigration Create (0.5ms)[0m  [1m[32mINSERT INTO "schema_migrations" ("version") VALUES ($1) RETURNING "version"[0m  [["version", "20190914165411"]]
  ↳ bin/rails:9
  [1m[35m (2.4ms)[0m  [1m[35mCOMMIT[0m
  ↳ bin/rails:9
Migrating to CreateMembers (20190914170206)
  [1m[35m (0.3ms)[0m  [1m[35mBEGIN[0m
  ↳ bin/rails:9
  [1m[35m (12.3ms)[0m  [1m[35mCREATE TABLE "members" ("id" bigserial primary key, "team_id" bigint NOT NULL, "member_name" character varying DEFAULT '' NOT NULL, "vote" integer DEFAULT 1 NOT NULL, "created_at" timestamp NOT NULL, "updated_at" timestamp NOT NULL, CONSTRAINT "fk_rails_e330ef0ccc"
FOREIGN KEY ("team_id")
  REFERENCES "teams" ("id")
)[0m
  ↳ db/migrate/20190914170206_create_members.rb:3
  [1m[35m (4.4ms)[0m  [1m[35mCREATE  INDEX  "index_members_on_team_id" ON "members"  ("team_id")[0m
  ↳ db/migrate/20190914170206_create_members.rb:3
  [1m[36mActiveRecord::SchemaMigration Create (0.5ms)[0m  [1m[32mINSERT INTO "schema_migrations" ("version") VALUES ($1) RETURNING "version"[0m  [["version", "20190914170206"]]
  ↳ bin/rails:9
  [1m[35m (2.1ms)[0m  [1m[35mCOMMIT[0m
  ↳ bin/rails:9
Migrating to AddMemberReferenceToTickets (20190914191732)
  [1m[35m (0.3ms)[0m  [1m[35mBEGIN[0m
  ↳ bin/rails:9
  [1m[35m (0.6ms)[0m  [1m[35mALTER TABLE "tickets" ADD "member_id" bigint NOT NULL[0m
  ↳ db/migrate/20190914191732_add_member_reference_to_tickets.rb:3
  [1m[35m (3.9ms)[0m  [1m[35mCREATE  INDEX  "index_tickets_on_member_id" ON "tickets"  ("member_id")[0m
  ↳ db/migrate/20190914191732_add_member_reference_to_tickets.rb:3
  [1m[35m (1.5ms)[0m  [1m[35mALTER TABLE "tickets" ADD CONSTRAINT "fk_rails_56af1c6c67"
FOREIGN KEY ("member_id")
  REFERENCES "members" ("id")
[0m
  ↳ db/migrate/20190914191732_add_member_reference_to_tickets.rb:3
  [1m[36mActiveRecord::SchemaMigration Create (15.0ms)[0m  [1m[32mINSERT INTO "schema_migrations" ("version") VALUES ($1) RETURNING "version"[0m  [["version", "20190914191732"]]
  ↳ bin/rails:9
  [1m[35m (1.7ms)[0m  [1m[35mCOMMIT[0m
  ↳ bin/rails:9
  [1m[36mActiveRecord::InternalMetadata Load (0.5ms)[0m  [1m[34mSELECT  "ar_internal_metadata".* FROM "ar_internal_metadata" WHERE "ar_internal_metadata"."key" = $1 LIMIT $2[0m  [["key", "environment"], ["LIMIT", 1]]
  ↳ bin/rails:9
  [1m[35m (0.3ms)[0m  [1m[35mBEGIN[0m
  ↳ bin/rails:9
  [1m[36mActiveRecord::InternalMetadata Create (0.5ms)[0m  [1m[32mINSERT INTO "ar_internal_metadata" ("key", "value", "created_at", "updated_at") VALUES ($1, $2, $3, $4) RETURNING "key"[0m  [["key", "environment"], ["value", "development"], ["created_at", "2019-09-27 11:11:24.125645"], ["updated_at", "2019-09-27 11:11:24.125645"]]
  ↳ bin/rails:9
  [1m[35m (1.7ms)[0m  [1m[35mCOMMIT[0m
  ↳ bin/rails:9
  [1m[35m (0.2ms)[0m  [1m[34mSELECT pg_advisory_unlock(4296706968443515710)[0m
  ↳ bin/rails:9
  [1m[35m (0.2ms)[0m  [1m[34mSELECT "schema_migrations"."version" FROM "schema_migrations" ORDER BY "schema_migrations"."version" ASC[0m
  ↳ bin/rails:9
  [1m[35m (0.4ms)[0m  [1m[34mSELECT "schema_migrations"."version" FROM "schema_migrations" ORDER BY "schema_migrations"."version" ASC[0m
  ↳ bin/rails:9
  [1m[35m (0.2ms)[0m  [1m[34mSELECT "ar_internal_metadata"."value" FROM "ar_internal_metadata" WHERE "ar_internal_metadata"."key" = $1[0m  [["key", "environment"]]
  ↳ bin/rails:9
  [1m[35m (0.2ms)[0m  [1m[34mSELECT "schema_migrations"."version" FROM "schema_migrations" ORDER BY "schema_migrations"."version" ASC[0m
  ↳ bin/rails:9
  [1m[35m (0.1ms)[0m  [1m[34mSELECT "ar_internal_metadata"."value" FROM "ar_internal_metadata" WHERE "ar_internal_metadata"."key" = $1[0m  [["key", "environment"]]
  ↳ bin/rails:9
  [1m[35m (0.2ms)[0m  [1m[34mSELECT "schema_migrations"."version" FROM "schema_migrations" ORDER BY "schema_migrations"."version" ASC[0m
  ↳ bin/rails:9
  [1m[35m (0.2ms)[0m  [1m[34mSELECT "ar_internal_metadata"."value" FROM "ar_internal_metadata" WHERE "ar_internal_metadata"."key" = $1[0m  [["key", "environment"]]
  ↳ bin/rails:9
  [1m[35m (134.1ms)[0m  [1m[35mDROP DATABASE IF EXISTS "planning_poker_development"[0m
  ↳ bin/rails:9
  [1m[35m (139.6ms)[0m  [1m[35mDROP DATABASE IF EXISTS "planning_poker_test"[0m
  ↳ bin/rails:9
  [1m[35m (490.0ms)[0m  [1m[35mCREATE DATABASE "planning_poker_development" ENCODING = 'unicode'[0m
  ↳ bin/rails:9
  [1m[35m (619.3ms)[0m  [1m[35mCREATE DATABASE "planning_poker_test" ENCODING = 'unicode'[0m
  ↳ bin/rails:9
  [1m[35m (45.3ms)[0m  [1m[35mCREATE TABLE "schema_migrations" ("version" character varying NOT NULL PRIMARY KEY)[0m
  ↳ bin/rails:9
  [1m[35m (13.8ms)[0m  [1m[35mCREATE TABLE "ar_internal_metadata" ("key" character varying NOT NULL PRIMARY KEY, "value" character varying, "created_at" timestamp NOT NULL, "updated_at" timestamp NOT NULL)[0m
  ↳ bin/rails:9
  [1m[35m (0.9ms)[0m  [1m[34mSELECT pg_try_advisory_lock(4296706968443515710)[0m
  ↳ bin/rails:9
  [1m[35m (1.7ms)[0m  [1m[34mSELECT "schema_migrations"."version" FROM "schema_migrations" ORDER BY "schema_migrations"."version" ASC[0m
  ↳ bin/rails:9
Migrating to CreateTeams (20190914143849)
  [1m[35m (0.5ms)[0m  [1m[35mBEGIN[0m
  ↳ bin/rails:9
  [1m[35m (16.5ms)[0m  [1m[35mCREATE TABLE "teams" ("id" bigserial primary key, "team_name" character varying DEFAULT '' NOT NULL, "members_amount" integer DEFAULT 0 NOT NULL, "created_at" timestamp NOT NULL, "updated_at" timestamp NOT NULL)[0m
  ↳ db/migrate/20190914143849_create_teams.rb:3
  [1m[36mActiveRecord::SchemaMigration Create (0.8ms)[0m  [1m[32mINSERT INTO "schema_migrations" ("version") VALUES ($1) RETURNING "version"[0m  [["version", "20190914143849"]]
  ↳ bin/rails:9
  [1m[35m (2.4ms)[0m  [1m[35mCOMMIT[0m
  ↳ bin/rails:9
Migrating to CreateTickets (20190914165411)
  [1m[35m (0.3ms)[0m  [1m[35mBEGIN[0m
  ↳ bin/rails:9
  [1m[35m (10.5ms)[0m  [1m[35mCREATE TABLE "tickets" ("id" bigserial primary key, "team_id" bigint NOT NULL, "ticket_name" character varying DEFAULT '' NOT NULL, "ticket_description" text DEFAULT '' NOT NULL, "average_vote" decimal(3,2) DEFAULT 1.0 NOT NULL, "created_at" timestamp NOT NULL, "updated_at" timestamp NOT NULL, CONSTRAINT "fk_rails_043f0bb452"
FOREIGN KEY ("team_id")
  REFERENCES "teams" ("id")
)[0m
  ↳ db/migrate/20190914165411_create_tickets.rb:3
  [1m[35m (3.4ms)[0m  [1m[35mCREATE  INDEX  "index_tickets_on_team_id" ON "tickets"  ("team_id")[0m
  ↳ db/migrate/20190914165411_create_tickets.rb:3
  [1m[36mActiveRecord::SchemaMigration Create (0.4ms)[0m  [1m[32mINSERT INTO "schema_migrations" ("version") VALUES ($1) RETURNING "version"[0m  [["version", "20190914165411"]]
  ↳ bin/rails:9
  [1m[35m (2.4ms)[0m  [1m[35mCOMMIT[0m
  ↳ bin/rails:9
Migrating to CreateMembers (20190914170206)
  [1m[35m (0.3ms)[0m  [1m[35mBEGIN[0m
  ↳ bin/rails:9
  [1m[35m (7.9ms)[0m  [1m[35mCREATE TABLE "members" ("id" bigserial primary key, "team_id" bigint NOT NULL, "member_name" character varying DEFAULT '' NOT NULL, "vote" integer DEFAULT 1 NOT NULL, "created_at" timestamp NOT NULL, "updated_at" timestamp NOT NULL, CONSTRAINT "fk_rails_e330ef0ccc"
FOREIGN KEY ("team_id")
  REFERENCES "teams" ("id")
)[0m
  ↳ db/migrate/20190914170206_create_members.rb:3
  [1m[35m (3.1ms)[0m  [1m[35mCREATE  INDEX  "index_members_on_team_id" ON "members"  ("team_id")[0m
  ↳ db/migrate/20190914170206_create_members.rb:3
  [1m[36mActiveRecord::SchemaMigration Create (0.4ms)[0m  [1m[32mINSERT INTO "schema_migrations" ("version") VALUES ($1) RETURNING "version"[0m  [["version", "20190914170206"]]
  ↳ bin/rails:9
  [1m[35m (2.2ms)[0m  [1m[35mCOMMIT[0m
  ↳ bin/rails:9
Migrating to AddMemberReferenceToTickets (20190914191732)
  [1m[35m (0.3ms)[0m  [1m[35mBEGIN[0m
  ↳ bin/rails:9
  [1m[35m (0.5ms)[0m  [1m[35mALTER TABLE "tickets" ADD "member_id" bigint NOT NULL[0m
  ↳ db/migrate/20190914191732_add_member_reference_to_tickets.rb:3
  [1m[35m (3.2ms)[0m  [1m[35mCREATE  INDEX  "index_tickets_on_member_id" ON "tickets"  ("member_id")[0m
  ↳ db/migrate/20190914191732_add_member_reference_to_tickets.rb:3
  [1m[35m (1.4ms)[0m  [1m[35mALTER TABLE "tickets" ADD CONSTRAINT "fk_rails_56af1c6c67"
FOREIGN KEY ("member_id")
  REFERENCES "members" ("id")
[0m
  ↳ db/migrate/20190914191732_add_member_reference_to_tickets.rb:3
  [1m[36mActiveRecord::SchemaMigration Create (0.4ms)[0m  [1m[32mINSERT INTO "schema_migrations" ("version") VALUES ($1) RETURNING "version"[0m  [["version", "20190914191732"]]
  ↳ bin/rails:9
  [1m[35m (1.7ms)[0m  [1m[35mCOMMIT[0m
  ↳ bin/rails:9
  [1m[36mActiveRecord::InternalMetadata Load (0.5ms)[0m  [1m[34mSELECT  "ar_internal_metadata".* FROM "ar_internal_metadata" WHERE "ar_internal_metadata"."key" = $1 LIMIT $2[0m  [["key", "environment"], ["LIMIT", 1]]
  ↳ bin/rails:9
  [1m[35m (0.2ms)[0m  [1m[35mBEGIN[0m
  ↳ bin/rails:9
  [1m[36mActiveRecord::InternalMetadata Create (0.4ms)[0m  [1m[32mINSERT INTO "ar_internal_metadata" ("key", "value", "created_at", "updated_at") VALUES ($1, $2, $3, $4) RETURNING "key"[0m  [["key", "environment"], ["value", "development"], ["created_at", "2019-09-27 11:23:01.171570"], ["updated_at", "2019-09-27 11:23:01.171570"]]
  ↳ bin/rails:9
  [1m[35m (1.5ms)[0m  [1m[35mCOMMIT[0m
  ↳ bin/rails:9
  [1m[35m (0.2ms)[0m  [1m[34mSELECT pg_advisory_unlock(4296706968443515710)[0m
  ↳ bin/rails:9
  [1m[35m (0.4ms)[0m  [1m[34mSELECT "schema_migrations"."version" FROM "schema_migrations" ORDER BY "schema_migrations"."version" ASC[0m
  ↳ bin/rails:9
Started POST "/teams?members_amount=3" for 127.0.0.1 at 2019-09-27 13:24:46 +0200
  [1m[35m (0.6ms)[0m  [1m[34mSELECT "schema_migrations"."version" FROM "schema_migrations" ORDER BY "schema_migrations"."version" ASC[0m
  ↳ /home/tomal/.rvm/gems/ruby-2.6.4/gems/activerecord-5.2.3/lib/active_record/log_subscriber.rb:98
Processing by TeamsController#create as */*
  Parameters: {"members_amount"=>"3"}
  [1m[35m (0.3ms)[0m  [1m[35mBEGIN[0m
  ↳ app/controllers/teams_controller.rb:10
  [1m[36mTeam Create (0.6ms)[0m  [1m[32mINSERT INTO "teams" ("team_name", "members_amount", "created_at", "updated_at") VALUES ($1, $2, $3, $4) RETURNING "id"[0m  [["team_name", "Pennsylvania elephants"], ["members_amount", 3], ["created_at", "2019-09-27 11:24:48.141585"], ["updated_at", "2019-09-27 11:24:48.141585"]]
  ↳ app/controllers/teams_controller.rb:10
  [1m[35m (2.3ms)[0m  [1m[35mCOMMIT[0m
  ↳ app/controllers/teams_controller.rb:10
[active_model_serializers]   [1m[36mTicket Load (0.5ms)[0m  [1m[34mSELECT "tickets".* FROM "tickets" INNER JOIN "members" ON "tickets"."member_id" = "members"."id" WHERE "members"."team_id" = $1[0m  [["team_id", 1]]
[active_model_serializers]   ↳ app/controllers/teams_controller.rb:11
[active_model_serializers]   [1m[36mMember Load (0.2ms)[0m  [1m[34mSELECT "members".* FROM "members" WHERE "members"."team_id" = $1[0m  [["team_id", 1]]
[active_model_serializers]   ↳ app/controllers/teams_controller.rb:11
[active_model_serializers] Rendered TeamSerializer with ActiveModelSerializers::Adapter::JsonApi (30.2ms)
Completed 201 Created in 1363ms (Views: 43.6ms | ActiveRecord: 11.4ms)


Started POST "/teams/1/members?member_name=w1&vote=1%0A" for 127.0.0.1 at 2019-09-27 13:24:58 +0200
Processing by Teams::MembersController#create as */*
  Parameters: {"member_name"=>"w1", "vote"=>"1\n", "team_id"=>"1"}
  [1m[36mTeam Load (1.1ms)[0m  [1m[34mSELECT  "teams".* FROM "teams" WHERE "teams"."id" = $1 LIMIT $2[0m  [["id", 1], ["LIMIT", 1]]
  ↳ app/controllers/teams/members_controller.rb:35
  [1m[35m (0.9ms)[0m  [1m[34mSELECT COUNT(*) FROM "members" WHERE "members"."team_id" = $1[0m  [["team_id", 1]]
  ↳ app/services/team_capacity_checker.rb:17
Unpermitted parameter: :team_id
  [1m[35m (0.2ms)[0m  [1m[35mBEGIN[0m
  ↳ app/controllers/teams/members_controller.rb:18
  [1m[36mMember Create (0.8ms)[0m  [1m[32mINSERT INTO "members" ("team_id", "member_name", "created_at", "updated_at") VALUES ($1, $2, $3, $4) RETURNING "id"[0m  [["team_id", 1], ["member_name", "w1"], ["created_at", "2019-09-27 11:24:58.051012"], ["updated_at", "2019-09-27 11:24:58.051012"]]
  ↳ app/controllers/teams/members_controller.rb:18
  [1m[35m (1.7ms)[0m  [1m[35mCOMMIT[0m
  ↳ app/controllers/teams/members_controller.rb:18
[active_model_serializers] Rendered ActiveModel::Serializer::Null with Hash (0.17ms)
Completed 201 Created in 39ms (Views: 6.7ms | ActiveRecord: 4.6ms)


Started POST "/teams/1/members?member_name=w2&vote=3%0A" for 127.0.0.1 at 2019-09-27 13:25:23 +0200
Processing by Teams::MembersController#create as */*
  Parameters: {"member_name"=>"w2", "vote"=>"3\n", "team_id"=>"1"}
  [1m[36mTeam Load (1.5ms)[0m  [1m[34mSELECT  "teams".* FROM "teams" WHERE "teams"."id" = $1 LIMIT $2[0m  [["id", 1], ["LIMIT", 1]]
  ↳ app/controllers/teams/members_controller.rb:35
  [1m[35m (1.8ms)[0m  [1m[34mSELECT COUNT(*) FROM "members" WHERE "members"."team_id" = $1[0m  [["team_id", 1]]
  ↳ app/services/team_capacity_checker.rb:17
Unpermitted parameter: :team_id
  [1m[35m (0.5ms)[0m  [1m[35mBEGIN[0m
  ↳ app/controllers/teams/members_controller.rb:18
  [1m[36mMember Create (1.2ms)[0m  [1m[32mINSERT INTO "members" ("team_id", "member_name", "vote", "created_at", "updated_at") VALUES ($1, $2, $3, $4, $5) RETURNING "id"[0m  [["team_id", 1], ["member_name", "w2"], ["vote", 3], ["created_at", "2019-09-27 11:25:24.003831"], ["updated_at", "2019-09-27 11:25:24.003831"]]
  ↳ app/controllers/teams/members_controller.rb:18
  [1m[35m (1.9ms)[0m  [1m[35mCOMMIT[0m
  ↳ app/controllers/teams/members_controller.rb:18
[active_model_serializers] Rendered ActiveModel::Serializer::Null with Hash (0.16ms)
Completed 201 Created in 24ms (Views: 0.8ms | ActiveRecord: 7.0ms)


Started POST "/teams/1/members?member_name=w3&vote=1%0A" for 127.0.0.1 at 2019-09-27 13:25:50 +0200
Processing by Teams::MembersController#create as */*
  Parameters: {"member_name"=>"w3", "vote"=>"1\n", "team_id"=>"1"}
  [1m[36mTeam Load (1.6ms)[0m  [1m[34mSELECT  "teams".* FROM "teams" WHERE "teams"."id" = $1 LIMIT $2[0m  [["id", 1], ["LIMIT", 1]]
  ↳ app/controllers/teams/members_controller.rb:35
  [1m[35m (1.3ms)[0m  [1m[34mSELECT COUNT(*) FROM "members" WHERE "members"."team_id" = $1[0m  [["team_id", 1]]
  ↳ app/services/team_capacity_checker.rb:17
Unpermitted parameter: :team_id
  [1m[35m (0.7ms)[0m  [1m[35mBEGIN[0m
  ↳ app/controllers/teams/members_controller.rb:18
  [1m[36mMember Create (1.1ms)[0m  [1m[32mINSERT INTO "members" ("team_id", "member_name", "created_at", "updated_at") VALUES ($1, $2, $3, $4) RETURNING "id"[0m  [["team_id", 1], ["member_name", "w3"], ["created_at", "2019-09-27 11:25:50.846159"], ["updated_at", "2019-09-27 11:25:50.846159"]]
  ↳ app/controllers/teams/members_controller.rb:18
  [1m[35m (2.0ms)[0m  [1m[35mCOMMIT[0m
  ↳ app/controllers/teams/members_controller.rb:18
[active_model_serializers] Rendered ActiveModel::Serializer::Null with Hash (0.13ms)
Completed 201 Created in 24ms (Views: 1.0ms | ActiveRecord: 6.8ms)


Started POST "/teams/1/members?member_name=member_name&vote=8" for 127.0.0.1 at 2019-09-27 13:25:50 +0200
Processing by Teams::MembersController#create as */*
  Parameters: {"member_name"=>"member_name", "vote"=>"8", "team_id"=>"1"}
  [1m[36mTeam Load (0.5ms)[0m  [1m[34mSELECT  "teams".* FROM "teams" WHERE "teams"."id" = $1 LIMIT $2[0m  [["id", 1], ["LIMIT", 1]]
  ↳ app/controllers/teams/members_controller.rb:35
  [1m[35m (0.5ms)[0m  [1m[34mSELECT COUNT(*) FROM "members" WHERE "members"."team_id" = $1[0m  [["team_id", 1]]
  ↳ app/services/team_capacity_checker.rb:17
  [1m[36mMember Load (0.4ms)[0m  [1m[34mSELECT "members".* FROM "members" WHERE "members"."team_id" = $1[0m  [["team_id", 1]]
  ↳ app/services/voting_report.rb:18
[active_model_serializers] Rendered ActiveModel::Serializer::Null with Hash (0.31ms)
Completed 303 See Other in 16ms (Views: 1.3ms | ActiveRecord: 1.4ms)


Started POST "/teams/1/members?member_name=member_name&vote=8" for 127.0.0.1 at 2019-09-27 13:25:58 +0200
Processing by Teams::MembersController#create as */*
  Parameters: {"member_name"=>"member_name", "vote"=>"8", "team_id"=>"1"}
  [1m[36mTeam Load (1.0ms)[0m  [1m[34mSELECT  "teams".* FROM "teams" WHERE "teams"."id" = $1 LIMIT $2[0m  [["id", 1], ["LIMIT", 1]]
  ↳ app/controllers/teams/members_controller.rb:35
  [1m[35m (1.6ms)[0m  [1m[34mSELECT COUNT(*) FROM "members" WHERE "members"."team_id" = $1[0m  [["team_id", 1]]
  ↳ app/services/team_capacity_checker.rb:17
  [1m[36mMember Load (1.2ms)[0m  [1m[34mSELECT "members".* FROM "members" WHERE "members"."team_id" = $1[0m  [["team_id", 1]]
  ↳ app/services/voting_report.rb:18
[active_model_serializers] Rendered ActiveModel::Serializer::Null with Hash (0.51ms)
Completed 303 See Other in 18ms (Views: 2.3ms | ActiveRecord: 3.8ms)


Started POST "/teams/1/members?member_name=member_name&vote=8" for 127.0.0.1 at 2019-09-27 13:26:01 +0200
Processing by Teams::MembersController#create as */*
  Parameters: {"member_name"=>"member_name", "vote"=>"8", "team_id"=>"1"}
  [1m[36mTeam Load (1.1ms)[0m  [1m[34mSELECT  "teams".* FROM "teams" WHERE "teams"."id" = $1 LIMIT $2[0m  [["id", 1], ["LIMIT", 1]]
  ↳ app/controllers/teams/members_controller.rb:35
  [1m[35m (1.5ms)[0m  [1m[34mSELECT COUNT(*) FROM "members" WHERE "members"."team_id" = $1[0m  [["team_id", 1]]
  ↳ app/services/team_capacity_checker.rb:17
  [1m[36mMember Load (1.0ms)[0m  [1m[34mSELECT "members".* FROM "members" WHERE "members"."team_id" = $1[0m  [["team_id", 1]]
  ↳ app/services/voting_report.rb:18
[active_model_serializers] Rendered ActiveModel::Serializer::Null with Hash (0.53ms)
Completed 303 See Other in 15ms (Views: 2.2ms | ActiveRecord: 3.6ms)


Started POST "/teams/foo/members?member_name=name&vote=1" for 127.0.0.1 at 2019-09-27 15:38:32 +0200
  [1m[35m (0.4ms)[0m  [1m[34mSELECT "schema_migrations"."version" FROM "schema_migrations" ORDER BY "schema_migrations"."version" ASC[0m
  ↳ /home/tomal/.rvm/gems/ruby-2.6.4/gems/activerecord-5.2.3/lib/active_record/log_subscriber.rb:98
Processing by Teams::MembersController#create as */*
  Parameters: {"member_name"=>"name", "vote"=>"1", "team_id"=>"foo"}
  [1m[36mTeam Load (1.6ms)[0m  [1m[34mSELECT  "teams".* FROM "teams" WHERE "teams"."id" = $1 LIMIT $2[0m  [["id", 0], ["LIMIT", 1]]
  ↳ app/controllers/teams/members_controller.rb:35
[active_model_serializers] Rendered ActiveModel::Serializer::Null with Hash (0.08ms)
Completed 404 Not Found in 20ms (Views: 5.8ms | ActiveRecord: 5.1ms)


Started POST "/teams?members_amount=foo" for 127.0.0.1 at 2019-09-27 15:38:32 +0200
Processing by TeamsController#create as */*
  Parameters: {"members_amount"=>"foo"}
  [1m[35m (0.2ms)[0m  [1m[35mBEGIN[0m
  ↳ app/controllers/teams_controller.rb:10
  [1m[35m (0.1ms)[0m  [1m[31mROLLBACK[0m
  ↳ app/controllers/teams_controller.rb:10
[active_model_serializers] Rendered ActiveModel::Serializer::Null with ActiveModel::Errors (0.06ms)
Completed 422 Unprocessable Entity in 117ms (Views: 2.7ms | ActiveRecord: 0.3ms)


Started POST "/teams?members_amount=2" for 127.0.0.1 at 2019-09-27 15:39:14 +0200
Processing by TeamsController#create as */*
  Parameters: {"members_amount"=>"2"}
  [1m[35m (0.7ms)[0m  [1m[35mBEGIN[0m
  ↳ app/controllers/teams_controller.rb:10
  [1m[36mTeam Create (1.5ms)[0m  [1m[32mINSERT INTO "teams" ("team_name", "members_amount", "created_at", "updated_at") VALUES ($1, $2, $3, $4) RETURNING "id"[0m  [["team_name", "Kansas ducks"], ["members_amount", 2], ["created_at", "2019-09-27 13:39:14.839945"], ["updated_at", "2019-09-27 13:39:14.839945"]]
  ↳ app/controllers/teams_controller.rb:10
  [1m[35m (2.5ms)[0m  [1m[35mCOMMIT[0m
  ↳ app/controllers/teams_controller.rb:10
[active_model_serializers]   [1m[36mTicket Load (0.8ms)[0m  [1m[34mSELECT "tickets".* FROM "tickets" INNER JOIN "members" ON "tickets"."member_id" = "members"."id" WHERE "members"."team_id" = $1[0m  [["team_id", 7]]
[active_model_serializers]   ↳ app/controllers/teams_controller.rb:11
[active_model_serializers]   [1m[36mMember Load (0.2ms)[0m  [1m[34mSELECT "members".* FROM "members" WHERE "members"."team_id" = $1[0m  [["team_id", 7]]
[active_model_serializers]   ↳ app/controllers/teams_controller.rb:11
[active_model_serializers] Rendered TeamSerializer with ActiveModelSerializers::Adapter::JsonApi (24.18ms)
Completed 201 Created in 83ms (Views: 59.8ms | ActiveRecord: 10.7ms)


Started POST "/teams/7/members?member_name=w1&vote=13%0A" for 127.0.0.1 at 2019-09-27 15:39:42 +0200
Processing by Teams::MembersController#create as */*
  Parameters: {"member_name"=>"w1", "vote"=>"13\n", "team_id"=>"7"}
  [1m[36mTeam Load (1.2ms)[0m  [1m[34mSELECT  "teams".* FROM "teams" WHERE "teams"."id" = $1 LIMIT $2[0m  [["id", 7], ["LIMIT", 1]]
  ↳ app/controllers/teams/members_controller.rb:35
  [1m[35m (2.2ms)[0m  [1m[34mSELECT COUNT(*) FROM "members" WHERE "members"."team_id" = $1[0m  [["team_id", 7]]
  ↳ app/services/team_capacity_checker.rb:17
Unpermitted parameter: :team_id
  [1m[35m (0.4ms)[0m  [1m[35mBEGIN[0m
  ↳ app/controllers/teams/members_controller.rb:18
  [1m[36mMember Create (0.9ms)[0m  [1m[32mINSERT INTO "members" ("team_id", "member_name", "vote", "created_at", "updated_at") VALUES ($1, $2, $3, $4, $5) RETURNING "id"[0m  [["team_id", 7], ["member_name", "w1"], ["vote", 13], ["created_at", "2019-09-27 13:39:42.324270"], ["updated_at", "2019-09-27 13:39:42.324270"]]
  ↳ app/controllers/teams/members_controller.rb:18
  [1m[35m (3.5ms)[0m  [1m[35mCOMMIT[0m
  ↳ app/controllers/teams/members_controller.rb:18
[active_model_serializers] Rendered ActiveModel::Serializer::Null with Hash (0.07ms)
Completed 201 Created in 45ms (Views: 0.5ms | ActiveRecord: 8.2ms)


Started POST "/teams/7/members?member_name=w2&vote=3%0A" for 127.0.0.1 at 2019-09-27 15:39:46 +0200
Processing by Teams::MembersController#create as */*
  Parameters: {"member_name"=>"w2", "vote"=>"3\n", "team_id"=>"7"}
  [1m[36mTeam Load (1.0ms)[0m  [1m[34mSELECT  "teams".* FROM "teams" WHERE "teams"."id" = $1 LIMIT $2[0m  [["id", 7], ["LIMIT", 1]]
  ↳ app/controllers/teams/members_controller.rb:35
  [1m[35m (1.3ms)[0m  [1m[34mSELECT COUNT(*) FROM "members" WHERE "members"."team_id" = $1[0m  [["team_id", 7]]
  ↳ app/services/team_capacity_checker.rb:17
Unpermitted parameter: :team_id
  [1m[35m (0.6ms)[0m  [1m[35mBEGIN[0m
  ↳ app/controllers/teams/members_controller.rb:18
  [1m[36mMember Create (1.7ms)[0m  [1m[32mINSERT INTO "members" ("team_id", "member_name", "vote", "created_at", "updated_at") VALUES ($1, $2, $3, $4, $5) RETURNING "id"[0m  [["team_id", 7], ["member_name", "w2"], ["vote", 3], ["created_at", "2019-09-27 13:39:46.500515"], ["updated_at", "2019-09-27 13:39:46.500515"]]
  ↳ app/controllers/teams/members_controller.rb:18
  [1m[35m (2.3ms)[0m  [1m[35mCOMMIT[0m
  ↳ app/controllers/teams/members_controller.rb:18
[active_model_serializers] Rendered ActiveModel::Serializer::Null with Hash (0.25ms)
Completed 201 Created in 26ms (Views: 1.7ms | ActiveRecord: 6.9ms)


Started POST "/teams/7/members?member_name=member_name&vote=8" for 127.0.0.1 at 2019-09-27 15:39:46 +0200
Processing by Teams::MembersController#create as */*
  Parameters: {"member_name"=>"member_name", "vote"=>"8", "team_id"=>"7"}
  [1m[36mTeam Load (0.6ms)[0m  [1m[34mSELECT  "teams".* FROM "teams" WHERE "teams"."id" = $1 LIMIT $2[0m  [["id", 7], ["LIMIT", 1]]
  ↳ app/controllers/teams/members_controller.rb:35
  [1m[35m (0.6ms)[0m  [1m[34mSELECT COUNT(*) FROM "members" WHERE "members"."team_id" = $1[0m  [["team_id", 7]]
  ↳ app/services/team_capacity_checker.rb:17
  [1m[36mMember Load (0.5ms)[0m  [1m[34mSELECT "members".* FROM "members" WHERE "members"."team_id" = $1[0m  [["team_id", 7]]
  ↳ app/services/voting_report.rb:18
[active_model_serializers] Rendered ActiveModel::Serializer::Null with Hash (0.15ms)
Completed 303 See Other in 18ms (Views: 0.8ms | ActiveRecord: 1.7ms)


Started POST "/teams/7/members?member_name=member_name&vote=8" for 127.0.0.1 at 2019-09-27 15:39:51 +0200
Processing by Teams::MembersController#create as */*
  Parameters: {"member_name"=>"member_name", "vote"=>"8", "team_id"=>"7"}
  [1m[36mTeam Load (1.1ms)[0m  [1m[34mSELECT  "teams".* FROM "teams" WHERE "teams"."id" = $1 LIMIT $2[0m  [["id", 7], ["LIMIT", 1]]
  ↳ app/controllers/teams/members_controller.rb:35
  [1m[35m (1.5ms)[0m  [1m[34mSELECT COUNT(*) FROM "members" WHERE "members"."team_id" = $1[0m  [["team_id", 7]]
  ↳ app/services/team_capacity_checker.rb:17
  [1m[36mMember Load (1.3ms)[0m  [1m[34mSELECT "members".* FROM "members" WHERE "members"."team_id" = $1[0m  [["team_id", 7]]
  ↳ app/services/voting_report.rb:18
[active_model_serializers] Rendered ActiveModel::Serializer::Null with Hash (0.51ms)
Completed 303 See Other in 17ms (Views: 2.2ms | ActiveRecord: 3.9ms)


Started POST "/teams/7/members?member_name=member_name&vote=8" for 127.0.0.1 at 2019-09-27 15:39:51 +0200
Processing by Teams::MembersController#create as */*
  Parameters: {"member_name"=>"member_name", "vote"=>"8", "team_id"=>"7"}
  [1m[36mTeam Load (1.0ms)[0m  [1m[34mSELECT  "teams".* FROM "teams" WHERE "teams"."id" = $1 LIMIT $2[0m  [["id", 7], ["LIMIT", 1]]
  ↳ app/controllers/teams/members_controller.rb:35
  [1m[35m (1.7ms)[0m  [1m[34mSELECT COUNT(*) FROM "members" WHERE "members"."team_id" = $1[0m  [["team_id", 7]]
  ↳ app/services/team_capacity_checker.rb:17
  [1m[36mMember Load (1.5ms)[0m  [1m[34mSELECT "members".* FROM "members" WHERE "members"."team_id" = $1[0m  [["team_id", 7]]
  ↳ app/services/voting_report.rb:18
[active_model_serializers] Rendered ActiveModel::Serializer::Null with Hash (0.32ms)
Completed 303 See Other in 17ms (Views: 1.7ms | ActiveRecord: 4.1ms)


Started POST "/teams/7/members?member_name=member_name&vote=8" for 127.0.0.1 at 2019-09-27 15:39:52 +0200
Processing by Teams::MembersController#create as */*
  Parameters: {"member_name"=>"member_name", "vote"=>"8", "team_id"=>"7"}
  [1m[36mTeam Load (0.7ms)[0m  [1m[34mSELECT  "teams".* FROM "teams" WHERE "teams"."id" = $1 LIMIT $2[0m  [["id", 7], ["LIMIT", 1]]
  ↳ app/controllers/teams/members_controller.rb:35
  [1m[35m (1.5ms)[0m  [1m[34mSELECT COUNT(*) FROM "members" WHERE "members"."team_id" = $1[0m  [["team_id", 7]]
  ↳ app/services/team_capacity_checker.rb:17
  [1m[36mMember Load (1.0ms)[0m  [1m[34mSELECT "members".* FROM "members" WHERE "members"."team_id" = $1[0m  [["team_id", 7]]
  ↳ app/services/voting_report.rb:18
[active_model_serializers] Rendered ActiveModel::Serializer::Null with Hash (0.5ms)
Completed 303 See Other in 16ms (Views: 2.4ms | ActiveRecord: 3.2ms)


Started POST "/teams/foo/members?member_name=name&vote=1" for 127.0.0.1 at 2019-10-17 17:05:46 +0200
  [1m[35m (53.5ms)[0m  [1m[34mSELECT "schema_migrations"."version" FROM "schema_migrations" ORDER BY "schema_migrations"."version" ASC[0m
  ↳ /home/tomal/.rvm/gems/ruby-2.6.4/gems/activerecord-5.2.3/lib/active_record/log_subscriber.rb:98
Processing by Teams::MembersController#create as */*
  Parameters: {"member_name"=>"name", "vote"=>"1", "team_id"=>"foo"}
  [1m[36mTeam Load (27.7ms)[0m  [1m[34mSELECT  "teams".* FROM "teams" WHERE "teams"."id" = $1 LIMIT $2[0m  [["id", 0], ["LIMIT", 1]]
  ↳ app/controllers/teams/members_controller.rb:35
[active_model_serializers] Rendered ActiveModel::Serializer::Null with Hash (0.15ms)
Completed 404 Not Found in 156ms (Views: 28.6ms | ActiveRecord: 100.6ms)


Started POST "/teams?members_amount=foo" for 127.0.0.1 at 2019-10-17 17:05:47 +0200
Processing by TeamsController#create as */*
  Parameters: {"members_amount"=>"foo"}
  [1m[35m (0.2ms)[0m  [1m[35mBEGIN[0m
  ↳ app/controllers/teams_controller.rb:10
  [1m[35m (0.1ms)[0m  [1m[31mROLLBACK[0m
  ↳ app/controllers/teams_controller.rb:10
[active_model_serializers] Rendered ActiveModel::Serializer::Null with ActiveModel::Errors (0.06ms)
Completed 422 Unprocessable Entity in 98ms (Views: 2.7ms | ActiveRecord: 0.3ms)


Started POST "/teams?members_amount=2" for 127.0.0.1 at 2019-10-17 17:07:01 +0200
Processing by TeamsController#create as */*
  Parameters: {"members_amount"=>"2"}
  [1m[35m (0.6ms)[0m  [1m[35mBEGIN[0m
  ↳ app/controllers/teams_controller.rb:10
  [1m[36mTeam Create (52.8ms)[0m  [1m[32mINSERT INTO "teams" ("team_name", "members_amount", "created_at", "updated_at") VALUES ($1, $2, $3, $4) RETURNING "id"[0m  [["team_name", "Colorado frogs"], ["members_amount", 2], ["created_at", "2019-10-17 15:07:01.449465"], ["updated_at", "2019-10-17 15:07:01.449465"]]
  ↳ app/controllers/teams_controller.rb:10
  [1m[35m (3.3ms)[0m  [1m[35mCOMMIT[0m
  ↳ app/controllers/teams_controller.rb:10
[active_model_serializers]   [1m[36mTicket Load (167.0ms)[0m  [1m[34mSELECT "tickets".* FROM "tickets" INNER JOIN "members" ON "tickets"."member_id" = "members"."id" WHERE "members"."team_id" = $1[0m  [["team_id", 9]]
[active_model_serializers]   ↳ app/controllers/teams_controller.rb:11
[active_model_serializers]   [1m[36mMember Load (1.0ms)[0m  [1m[34mSELECT "members".* FROM "members" WHERE "members"."team_id" = $1[0m  [["team_id", 9]]
[active_model_serializers]   ↳ app/controllers/teams_controller.rb:11
[active_model_serializers] Rendered TeamSerializer with ActiveModelSerializers::Adapter::JsonApi (209.53ms)
Completed 201 Created in 329ms (Views: 88.2ms | ActiveRecord: 228.7ms)


Started POST "/teams/9/members?member_name=w1&vote=2%0A" for 127.0.0.1 at 2019-10-17 17:07:11 +0200
Processing by Teams::MembersController#create as */*
  Parameters: {"member_name"=>"w1", "vote"=>"2\n", "team_id"=>"9"}
  [1m[36mTeam Load (0.4ms)[0m  [1m[34mSELECT  "teams".* FROM "teams" WHERE "teams"."id" = $1 LIMIT $2[0m  [["id", 9], ["LIMIT", 1]]
  ↳ app/controllers/teams/members_controller.rb:35
  [1m[35m (12.3ms)[0m  [1m[34mSELECT COUNT(*) FROM "members" WHERE "members"."team_id" = $1[0m  [["team_id", 9]]
  ↳ app/services/team_capacity_checker.rb:17
Unpermitted parameter: :team_id
  [1m[35m (0.2ms)[0m  [1m[35mBEGIN[0m
  ↳ app/controllers/teams/members_controller.rb:18
  [1m[36mMember Create (2.1ms)[0m  [1m[32mINSERT INTO "members" ("team_id", "member_name", "vote", "created_at", "updated_at") VALUES ($1, $2, $3, $4, $5) RETURNING "id"[0m  [["team_id", 9], ["member_name", "w1"], ["vote", 2], ["created_at", "2019-10-17 15:07:11.474265"], ["updated_at", "2019-10-17 15:07:11.474265"]]
  ↳ app/controllers/teams/members_controller.rb:18
  [1m[35m (2.4ms)[0m  [1m[35mCOMMIT[0m
  ↳ app/controllers/teams/members_controller.rb:18
[active_model_serializers] Rendered ActiveModel::Serializer::Null with Hash (0.09ms)
Completed 201 Created in 43ms (Views: 0.6ms | ActiveRecord: 17.4ms)


Started POST "/teams/9/members?member_name=w2&vote=1%0A" for 127.0.0.1 at 2019-10-17 17:07:16 +0200
Processing by Teams::MembersController#create as */*
  Parameters: {"member_name"=>"w2", "vote"=>"1\n", "team_id"=>"9"}
  [1m[36mTeam Load (1.0ms)[0m  [1m[34mSELECT  "teams".* FROM "teams" WHERE "teams"."id" = $1 LIMIT $2[0m  [["id", 9], ["LIMIT", 1]]
  ↳ app/controllers/teams/members_controller.rb:35
  [1m[35m (1.3ms)[0m  [1m[34mSELECT COUNT(*) FROM "members" WHERE "members"."team_id" = $1[0m  [["team_id", 9]]
  ↳ app/services/team_capacity_checker.rb:17
Unpermitted parameter: :team_id
  [1m[35m (0.6ms)[0m  [1m[35mBEGIN[0m
  ↳ app/controllers/teams/members_controller.rb:18
  [1m[36mMember Create (1.9ms)[0m  [1m[32mINSERT INTO "members" ("team_id", "member_name", "created_at", "updated_at") VALUES ($1, $2, $3, $4) RETURNING "id"[0m  [["team_id", 9], ["member_name", "w2"], ["created_at", "2019-10-17 15:07:16.331429"], ["updated_at", "2019-10-17 15:07:16.331429"]]
  ↳ app/controllers/teams/members_controller.rb:18
  [1m[35m (2.5ms)[0m  [1m[35mCOMMIT[0m
  ↳ app/controllers/teams/members_controller.rb:18
[active_model_serializers] Rendered ActiveModel::Serializer::Null with Hash (0.56ms)
Completed 201 Created in 30ms (Views: 2.2ms | ActiveRecord: 7.3ms)


Started POST "/teams/9/members?member_name=member_name&vote=8" for 127.0.0.1 at 2019-10-17 17:07:16 +0200
Processing by Teams::MembersController#create as */*
  Parameters: {"member_name"=>"member_name", "vote"=>"8", "team_id"=>"9"}
  [1m[36mTeam Load (0.6ms)[0m  [1m[34mSELECT  "teams".* FROM "teams" WHERE "teams"."id" = $1 LIMIT $2[0m  [["id", 9], ["LIMIT", 1]]
  ↳ app/controllers/teams/members_controller.rb:35
  [1m[35m (0.6ms)[0m  [1m[34mSELECT COUNT(*) FROM "members" WHERE "members"."team_id" = $1[0m  [["team_id", 9]]
  ↳ app/services/team_capacity_checker.rb:17
  [1m[36mMember Load (0.5ms)[0m  [1m[34mSELECT "members".* FROM "members" WHERE "members"."team_id" = $1[0m  [["team_id", 9]]
  ↳ app/services/voting_report.rb:18
[active_model_serializers] Rendered ActiveModel::Serializer::Null with Hash (0.14ms)
Completed 303 See Other in 10ms (Views: 0.8ms | ActiveRecord: 1.8ms)


Started POST "/teams/9/members?member_name=member_name&vote=8" for 127.0.0.1 at 2019-10-17 17:07:20 +0200
Processing by Teams::MembersController#create as */*
  Parameters: {"member_name"=>"member_name", "vote"=>"8", "team_id"=>"9"}
  [1m[36mTeam Load (0.4ms)[0m  [1m[34mSELECT  "teams".* FROM "teams" WHERE "teams"."id" = $1 LIMIT $2[0m  [["id", 9], ["LIMIT", 1]]
  ↳ app/controllers/teams/members_controller.rb:35
  [1m[35m (0.5ms)[0m  [1m[34mSELECT COUNT(*) FROM "members" WHERE "members"."team_id" = $1[0m  [["team_id", 9]]
  ↳ app/services/team_capacity_checker.rb:17
  [1m[36mMember Load (0.4ms)[0m  [1m[34mSELECT "members".* FROM "members" WHERE "members"."team_id" = $1[0m  [["team_id", 9]]
  ↳ app/services/voting_report.rb:18
[active_model_serializers] Rendered ActiveModel::Serializer::Null with Hash (0.08ms)
Completed 303 See Other in 4ms (Views: 0.5ms | ActiveRecord: 1.3ms)


Started POST "/teams/9/members?member_name=member_name&vote=8" for 127.0.0.1 at 2019-10-17 17:07:22 +0200
Processing by Teams::MembersController#create as */*
  Parameters: {"member_name"=>"member_name", "vote"=>"8", "team_id"=>"9"}
  [1m[36mTeam Load (1.0ms)[0m  [1m[34mSELECT  "teams".* FROM "teams" WHERE "teams"."id" = $1 LIMIT $2[0m  [["id", 9], ["LIMIT", 1]]
  ↳ app/controllers/teams/members_controller.rb:35
  [1m[35m (1.6ms)[0m  [1m[34mSELECT COUNT(*) FROM "members" WHERE "members"."team_id" = $1[0m  [["team_id", 9]]
  ↳ app/services/team_capacity_checker.rb:17
  [1m[36mMember Load (1.2ms)[0m  [1m[34mSELECT "members".* FROM "members" WHERE "members"."team_id" = $1[0m  [["team_id", 9]]
  ↳ app/services/voting_report.rb:18
[active_model_serializers] Rendered ActiveModel::Serializer::Null with Hash (0.44ms)
Completed 303 See Other in 17ms (Views: 2.0ms | ActiveRecord: 3.9ms)


